E = Error, . = Pass, F = Failed

Ran 3325 tests in 83.424s
FAILED (failures=2, errors=2848)

test/test.py eagle

Testing: eagle >>>
EEEEEEEEEEEEEEEEEEE.EEEEEEEEEEEEEEEEEEEEEEEEEEEE.EEEEEEEEEEEEE.EEEEEEEEEEEEEE.EEEEEEEEEEEEEEEEEEE.EEEE.EEEEEEE.EE.EEE..EEEEEEE.EEEEEE.EE.EEEEEEEEEEEEEEEE.E.EEEEE.E.EEEEE.EEEEEEEEEEEEEEEEEEEEEE.E.EEEEEEEEEEE.EE..E.EEEEEE.EEEEEE.EEEEEEEEEEEEEEEEEEEEE.EEEEEEEEEEEEEEEE.EEEEEEEEE.EEEEEEE..EEEEEEEEEEEEEEEEEEE.EEEE.EEEEEEE..EEEEEEEEEEEEEEEEEEEEE..EEEEEEEEEEEEE.EEEEEEEEEEEEEEEEEEEEEEEEEEEEEEEEE.EEEEEEEEEEEEEEEEEEEE.EE.EEEEEEEEEEEE.EE.EE.EEEEEEEEEEEEEE.EEEEEEEEEEEEEEEEEEEEEE.EEEEEEEEEEEEEEEEEEEEEEEEEEEEEE.EE.EEEEEEEEEEEEEEEEEE..EEEEEEE.EEEEEEEEEEE.EEEE.EEEEEEEEEEEE.EEEEE..EEEE.EEEEEEEEEEEEEEEEEEEE.EEEEEEEEEEEEEEEEEEEEEE.EEEEEEEEEEEEEEEEEEEEEEEEEEEEE.E.EEEEEEE..E.EEEEEE.EEEEEEEEEEEEEEE.EEEEE..EEEEEEEEEEEEEEEEEEEEE.EEEEEEEEEEEEE.EE.E.E.EEEEEEE.EEEEEEEEEEEEEEEEEEEE.EE.EEE..EEEEEEEEEEEE..EEEEEEEEEEEE.EEEEEEEEEEEEEEEEEEEE.EEEEEEEE.E.EEEE.EE.EEEEEEEEEEEEEE.EEEEEEEE.EEEEEEE..EEEEEEEEEEEEE.E.EEEEEEEE.E.E...EE.EEE.EEEEEE.E.EEEEEEEEEEEE.EEEEEE.EEEE.EEEEEEEEEEEEEEEEE..EEEEEEE.E.EEEE.EEEEEEEEEEEEEEEEEEEEEEEEEEE.EEEEEEEE.EEEEEEEEEEEEEE.EEEEEEEEEEEE.EEEEEEE.EEE.EEE.EEEEEEEEEEEEEEEEEEEEEEEEEEE.EE.EEEEEEEEEEEEEEEEEEEEEE.EEEE.EEEEEEEEEE..EEE.EEEE.EEEEEEEEEEEEEE.EEEEE.EEE.EEEEEEEEEEEEE.EEEEE.EEEE.E.EEEE.EEEEEEEEEE.EEEEEEEEEEEEEEEEEEEEEEEEEEEEEEE.EEEEEEE..EE..EEEEEEE.EEEEEEEEEEEEEEEEEEEE.EEEEEEEEEEEEEEE.EEEEEEEEEEEEEEEEEEEEEEEEE.EEEEEEEEEEEEEE.EEEEEEEEEEEEEEEEEEEE.EEEEEEEEEEEEE.EEEEEEEEEE.EEEEEEEEEEEEEEEEEEEEEEEEEEEEEEEE.EEEEEEEEEEEEEEE.EEEEEE.EE..EE.EEEEEEEE.EEEEEEEE.EEE..EEEEEEEEEEEEEEEEEEEEE.EEEEEEEEEEE.EEEEEEE.EEEEEEEEEEEEE..EEEEEEEEEEEEEE.EEEEEEEEEEEEEEEEE.EEEEE.EEEEEEEEEEEEEEEEE.E.EEE.E.EEEEEEE.E.EEE.EEEE.EEEEEEEEEEEEEEEEEEEEEEEEEEEEE.EE..EE.EEE.EEEEEEEEE.EEEEEEEEEEE.EEEEE.EEEEEEEEEEEEEEEEEEEEEE.EEEEEEE...EEEEEEEE.EEEEEEEEEEEEEEEEEEEEEEEEEEEE.EEEEEEEEEEEEEEEEEEEEE..EEEEEEEEEEE.EEEEEEEEEEEEEEEEEE.EEEEEEEEEEEEEEEEEEEEEEEE.EEEEEEEEEEEEEEEEEEEEEEEEE.EEEE.EEEEEEEE.EEE.EEE.EE.EEEEEEE..EEEEEEEEEEEEEEEEEEEEEEEEEE.EEEEE.EEEE.EEE.EEE.E..E..EEEEEEEEEE..EE.EE.EE...EEEEEE.E.EEE.EEEEE.EEEEEEE.EEEEEEE.EEE.EEEE.E.EE.EEEEE.E..EEEEEEEEE.EEEEEEEEEEEEEEEEEEEEEEEEEEE.EEEE..E.EEEEEEEEE.EEEEEEEEEEEE.E..EEE.EEEEE...EE.E.EEEEEEEE.EE.EEEEEEEEEEEEE.EEEEEEEEEEEE.E..EEEEEEEEEEEEEEEE.EEEE.E.EEEE.EEE.EEEEE..EEEEEEEEEEEEE.EEEEEEEE.EEE.EE.EEEEEEEEEE.E.EEEEEEE..E.EEEE.EE.EEEEE...EE.EE.E.E.EEEEEEE.EEEEEEEEE.EEEEEEE.EE.EEEEE.EEEEEEEEE.E.E.EEEEE.EEEEE.EEEE...EEEEEEE.EEEE.EE.E.EEEEEE..EE.EEE.E.E.EE.E..E.E.EEE.EE.E..EEEEEEEEEEEE.E.E..EEEEEEEE..EEE.EEEEEEEEE...EEE.E.EE.EEEE.EEEEE.EE.EEEEEE.EEEE.E.E.EEEEEEE.EEEEEEEEEEEEEEEEEEEEE.EEEEEE.E.E.EEE.EEEE.EEEEE...EEEEEEE.EEE.EEEEEEEEEEEEE..EEEEEE.EE.EEE.EEE.EEEEEEEEEE.EEEEEEEEEEE.EE.E..E..EE.EEEEEEEEE..EEEE..E.EEEEEEEEEEEE.EEEE.E...EEEEEEEEEEEEEEEEEE.EEEEE.EEEEE....EEEE.E.EE.EE.EEEEEEE.EE.ERROR:main:Failed to auto-detect input type for ./test/eagle/ADK_MEGA_2560-Rev2.sch. best guess: eagle, confidence: 0
EEEERROR:main:Failed to auto-detect input type for ./test/eagle/ATmega128RFA1 Dev Board-v11.sch. best guess: eagle, confidence: 0
EEEERROR:main:Failed to auto-detect input type for ./test/eagle/Arduino%20Nano2.sch. best guess: eagle, confidence: 0
EEEERROR:main:Failed to auto-detect input type for ./test/eagle/Arduino_Eth08d_MU.sch. best guess: eagle, confidence: 0
EEEERROR:main:Failed to auto-detect input type for ./test/eagle/Arduino_MEGA2560_ref.sch. best guess: eagle, confidence: 0
EEEERROR:main:Failed to auto-detect input type for ./test/eagle/BUB_II.v1.2.sch. best guess: eagle, confidence: 0
EEEERROR:main:Failed to auto-detect input type for ./test/eagle/ChargeControllerV2.00_routed.sch. best guess: eagle, confidence: 0
Eunknown block tag 0x43
Eunknown block tag 0x43
EERROR:main:Failed to auto-detect input type for ./test/eagle/GPRSshield.sch. best guess: eagle, confidence: 0
EEEERROR:main:Failed to auto-detect input type for ./test/eagle/I2C%203-axis%20Compass.sch. best guess: eagle, confidence: 0
EEEERROR:main:Failed to auto-detect input type for ./test/eagle/Mainboard-v18.sch. best guess: eagle, confidence: 0
EEEERROR:main:Failed to auto-detect input type for ./test/eagle/NFC%20Shield%20V0.9b.sch. best guess: eagle, confidence: 0
EEEERROR:main:Failed to auto-detect input type for ./test/eagle/OpenLog.sch. best guess: eagle, confidence: 0
EEEERROR:main:Failed to auto-detect input type for ./test/eagle/Pro-Micro-v10.sch. best guess: eagle, confidence: 0
EEEERROR:main:Failed to auto-detect input type for ./test/eagle/Roostick v23.sch. best guess: eagle, confidence: 0
EEEERROR:main:Failed to auto-detect input type for ./test/eagle/Shield_Eth05_p.sch. best guess: eagle, confidence: 0
EEEERROR:main:Failed to auto-detect input type for ./test/eagle/USB_PassThrough_Rev1.2.sch. best guess: eagle, confidence: 0
EEEEEEEE.EEEEEEE.EEEE..EEEEEE.EE..EEEE..EEEEEE.EEEEE..EEEEEEEEEE.EEEEERROR:main:Failed to auto-detect input type for ./test/eagle/arduino_Uno_ref.sch. best guess: eagle, confidence: 0
EEEERROR:main:Failed to auto-detect input type for ./test/eagle/armcan2-1.sch. best guess: eagle, confidence: 0
EEEEEEEEEE.EEEEEEEEEEEEEEEEE..EEEEEEEEEEE.EEE.EEEEE..EEEE.EEEEEEEE..E.EEEE.EEEEEEEEE..EEEEEEEEEEEEEE.E.EEEEEE.EEE.EEEE.EEEEEEEE.EEEEE..EEE.EEEEE..EE...E.EEEEEEE.E..EEEEEE.EEEEE.E.EEEEEE.EE.EEEE..EEE.EEEEEEE..EEEEE..E.E.EEEEEE.E..EE.EEEEEEE.EEE.EEE.EEEEE.E.EEEEEERROR:main:Failed to auto-detect input type for ./test/eagle/dionet.sch. best guess: eagle, confidence: 0
E./test/eagle/dionet.sch
F.EEEEEEEEEEEEEEE.EEE.EE.EEEEEEEEEEEEE.EEEEEEEEEEEEEEEEEE.EE.EEEE.E.E.EE.EEEEE.EEERROR:main:Failed to auto-detect input type for ./test/eagle/electric_sheep-v11.sch. best guess: eagle, confidence: 0
EEEEE.EEE.EEE.EE.EEEEE.EEEEE.EEEE..E..EEEEEEEE.E.EE.EEEEEE..E.EEEEEEE.E.EEEEEEE.E.EEEEEE.EEEEEERROR:main:Failed to auto-detect input type for ./test/eagle/gameduino.sch. best guess: eagle, confidence: 0
EEEERROR:main:Failed to auto-detect input type for ./test/eagle/geiger.sch. best guess: eagle, confidence: 0
EEEFEEERROR:main:Failed to auto-detect input type for ./test/eagle/hexapod.sch. best guess: eagle, confidence: 0
EEEERROR:main:Failed to auto-detect input type for ./test/eagle/maple-audio-r1.sch. best guess: eagle, confidence: 0
EEEERROR:main:Failed to auto-detect input type for ./test/eagle/maple-jtagadapter.sch. best guess: eagle, confidence: 0
EEEERROR:main:Failed to auto-detect input type for ./test/eagle/maple-r1.sch. best guess: eagle, confidence: 0
EEEERROR:main:Failed to auto-detect input type for ./test/eagle/maple-r3.sch. best guess: eagle, confidence: 0
EEEERROR:main:Failed to auto-detect input type for ./test/eagle/maple-r5.sch. best guess: eagle, confidence: 0
EEEERROR:main:Failed to auto-detect input type for ./test/eagle/maplemini-r2.sch. best guess: eagle, confidence: 0
EEEERROR:main:Failed to auto-detect input type for ./test/eagle/mbedgc-1.1.sch. best guess: eagle, confidence: 0
EEEERROR:main:Failed to auto-detect input type for ./test/eagle/mcci.sch. best guess: eagle, confidence: 0
EEEERROR:main:Failed to auto-detect input type for ./test/eagle/mega_pro-3.3V-v11.sch. best guess: eagle, confidence: 0
EEEERROR:main:Failed to auto-detect input type for ./test/eagle/pHduino_v02.03.sch. best guess: eagle, confidence: 0
Eunknown block tag 0x43
Eunknown block tag 0x43
EERROR:main:Failed to auto-detect input type for ./test/eagle/pwmdmx_rev_B.sch. best guess: eagle, confidence: 0
EEEEERROR:main:Failed to auto-detect input type for ./test/eagle/speedy-33lcddaughtercard.sch. best guess: eagle, confidence: 0
EEEERROR:main:Failed to auto-detect input type for ./test/eagle/usnoobie_sch-20110115.sch. best guess: eagle, confidence: 0
EEE
======================================================================
ERROR: test_eagle_0000000000000001.upv_write (__main__.RegressionTest_eagle)
----------------------------------------------------------------------
Traceback (most recent call last):
  File "test/test.py", line 133, in test
    Upconverter.write(data, tmp_path, format)
  File "/Users/zak/Documents/projects/file_converter/upconvert/upconverter.py", line 143, in write
    return w.write(dsgn, out_file)
  File "/Users/zak/Documents/projects/file_converter/upconvert/writer/eagle.py", line 2377, in write
    self._convert(design)
  File "/Users/zak/Documents/projects/file_converter/upconvert/writer/eagle.py", line 2231, in _convert
    self._convert_library(design)
  File "/Users/zak/Documents/projects/file_converter/upconvert/writer/eagle.py", line 2129, in _convert_library
    raise ValueError("cannot process " + _cff.__class__.__name__)
ValueError: cannot process Rectangle

======================================================================
ERROR: test_eagle_0000000000000012.upv_write (__main__.RegressionTest_eagle)
----------------------------------------------------------------------
Traceback (most recent call last):
  File "test/test.py", line 133, in test
    Upconverter.write(data, tmp_path, format)
  File "/Users/zak/Documents/projects/file_converter/upconvert/upconverter.py", line 143, in write
    return w.write(dsgn, out_file)
  File "/Users/zak/Documents/projects/file_converter/upconvert/writer/eagle.py", line 2377, in write
    self._convert(design)
  File "/Users/zak/Documents/projects/file_converter/upconvert/writer/eagle.py", line 2231, in _convert
    self._convert_library(design)
  File "/Users/zak/Documents/projects/file_converter/upconvert/writer/eagle.py", line 2082, in _convert_library
    _name = _cpp.label.text
AttributeError: 'NoneType' object has no attribute 'text'

======================================================================
ERROR: test_eagle_9832c8b6fa32c378.upv_write (__main__.RegressionTest_eagle)
----------------------------------------------------------------------
Traceback (most recent call last):
  File "test/test.py", line 133, in test
    Upconverter.write(data, tmp_path, format)
  File "/Users/zak/Documents/projects/file_converter/upconvert/upconverter.py", line 143, in write
    return w.write(dsgn, out_file)
  File "/Users/zak/Documents/projects/file_converter/upconvert/writer/eagle.py", line 2404, in write
    _of.write(_cc.construct())
  File "/Users/zak/Documents/projects/file_converter/upconvert/writer/eagle.py", line 906, in construct
    self.constantmid_def,
error: argument for 's' must be a string

======================================================================
ERROR: test_eagle_9a32705adf146c3b.upv_write (__main__.RegressionTest_eagle)
----------------------------------------------------------------------
Traceback (most recent call last):
  File "test/test.py", line 133, in test
    Upconverter.write(data, tmp_path, format)
  File "/Users/zak/Documents/projects/file_converter/upconvert/upconverter.py", line 143, in write
    return w.write(dsgn, out_file)
  File "/Users/zak/Documents/projects/file_converter/upconvert/writer/eagle.py", line 2377, in write
    self._convert(design)
  File "/Users/zak/Documents/projects/file_converter/upconvert/writer/eagle.py", line 2234, in _convert
    self._convert_shapes2(design)
  File "/Users/zak/Documents/projects/file_converter/upconvert/writer/eagle.py", line 2212, in _convert_shapes2
    x2=_nn.points[_opp].x,
KeyError: u'eb3559a1f1d303d4'

======================================================================
ERROR: test_eagle_9a71ebd576984f6c.upv_write (__main__.RegressionTest_eagle)
----------------------------------------------------------------------
Traceback (most recent call last):
  File "test/test.py", line 128, in test
    data = Upconverter.parse(json_file_path, 'openjson')
  File "/Users/zak/Documents/projects/file_converter/upconvert/upconverter.py", line 128, in parse
    return p.parse(in_file)
  File "/Users/zak/Documents/projects/file_converter/upconvert/parser/openjson.py", line 61, in parse
    read = json.loads(f.read())
  File "/System/Library/Frameworks/Python.framework/Versions/2.6/lib/python2.6/json/__init__.py", line 307, in loads
    return _default_decoder.decode(s)
  File "/System/Library/Frameworks/Python.framework/Versions/2.6/lib/python2.6/json/decoder.py", line 319, in decode
    obj, end = self.raw_decode(s, idx=_w(s, 0).end())
  File "/System/Library/Frameworks/Python.framework/Versions/2.6/lib/python2.6/json/decoder.py", line 338, in raw_decode
    raise ValueError("No JSON object could be decoded")
ValueError: No JSON object could be decoded

======================================================================
ERROR: test_eagle_ADK_MEGA_2560-Rev2.sch_detect (__main__.RegressionTest_eagle)
----------------------------------------------------------------------
Traceback (most recent call last):
  File "test/test.py", line 90, in test
    self.assertEqual(Upconverter.autodetect(file_path), format)
  File "/Users/zak/Documents/projects/file_converter/upconvert/upconverter.py", line 110, in autodetect
    raise Exception('failed to autodetect')
Exception: failed to autodetect

======================================================================
ERROR: test_eagle_ADK_MEGA_2560-Rev2.sch_diff (__main__.RegressionTest_eagle)
----------------------------------------------------------------------
Traceback (most recent call last):
  File "test/test.py", line 111, in test
    data = Upconverter.parse(file_path, format)
  File "/Users/zak/Documents/projects/file_converter/upconvert/upconverter.py", line 128, in parse
    return p.parse(in_file)
  File "/Users/zak/Documents/projects/file_converter/upconvert/parser/eagle.py", line 2393, in parse
    self._parse(_if)
  File "/Users/zak/Documents/projects/file_converter/upconvert/parser/eagle.py", line 2179, in _parse
    self._parse_blocks(filehandle, -1 + self.header.numofblocks)
  File "/Users/zak/Documents/projects/file_converter/upconvert/parser/eagle.py", line 2119, in _parse_blocks
    _cur_segment.shapes.append(self.Pin.parse(_dta))
  File "/Users/zak/Documents/projects/file_converter/upconvert/parser/eagle.py", line 1535, in parse
    Eagle.Pin.dirmask],
KeyError: 8