E = Error, . = Pass, F = Failed

Ran 3274 tests in 94.823s
FAILED (failures=15, errors=1262)

test/test.py kicad

Testing: kicad >>>
......E...E...E.............EEEEE.E..E....E....E.....E..E....E...E.EE..E......E......EE.......E...E.......EEEE....EEE.......E............E.E..E....E.E....E...............EE..E.E..E..........E..E......EEEEEE.......EEEEEE..EE.E..EE..E.E.....EEE.E..EE....EE.....E.E.E...E.E.E....E........E....................EEE....EE....E.E.EEE..EEEEE...E..........E.EE.....EE.....E.....EE.E.......E....E.EE..EE.......E..EEE.E.E....E.EE.EE..EE..E..E...EE..EE.E....E.EE........EEE..........EE..EE....EEEEE.EE.EEEEE....EE.....EEEE..E.EE.........E..E........EEE..E..E..E.EE.EEE.E......EEE....E...EEEE.EE.E..E...E.EE..EEEE.EEE.E.............E...E.E.E.EEEEE...E..E.E.EE.E.E.E....EE.........E....E..E...EE...........E.E...EE.EE.E..E.E..E..E.E..E.E..E.....E.E.EE.EE.E..EEE..EEEEEE.......E..E.......E..E.EE......EE.E.....E...EE.E...EE.E....EEE.E.E........E...E...E.E.E.EEEEEE.E.E.E..EE....E....EE..EEE.....EE..E...E.EE.EE..E.E...E....E..EE.E..E..E.E..EE......E..E.......EE...E.E.EEEEEE........EE..E...E..E.E.E.......E..EEE.EEE.EEE...E.E.EEE..EE.EEEEE.E.EE.E.....EEE..E..EEE.E..E.E.......EE.E..E..E...E.........E...E......E...E......E.......E...E....E......EE..E....EEEE.EEE..E.E...E.E.......E......E.EE..E..E...EEE...EEEE...E..E...E..EE.E..E...E..E..E...E.E...EEE..EE.EEEE..EE...E.EEEE.E.E..EE..........EE......EEE..E.E..E..EE.E.E.E..EEEE.E..E....E...E.E..EEEE.EE..EEE.EEE.....EEE..EE..EE.E............E.E......E.EEE..E..EE...EEE...EEE.E..E.E.E.EE..EEE.E.E.E.EEEE.E..E......E.EEE.E.......E...EE..E....E..EE.E...E.E.E..EEE..E.......EEE..E.EEE.EE.EE.E.E..EEEE.EE..EEE...E.E.EEE...EEE.E...EEE.....EEEEEE.EE.EEEEE....E..E.E.EEEEE.E.EE.......EE.EEE.EE.EE.E.EE.EE.E.EE.EEE..........E.E.E.E.E....EE..E..E.........EE.EE...EE...EEEEE...E...EEEE......E..EE..EE....E.EE..E.E..EEE.......E..E...E..EEEE..EE.E.......E.E.EEEEE.E.E.EEEEEEEE.EEEE...E.E...E.E...EE.E.EEEEEE.EEEEEEEE.EEEEEE.EE...EE....EE...E........EE..E..E...EEEEE....EE.EE.E.....EEEE.E.E..EEE.EE.E....E...EE...E.E..E.......E.E....E......E...EEEEEE.....E.EE....E.EE..E.EE....E.....EE...E......EE......E..E...E.......E.E..EEE.E.E..EE..E....EE...E...E.EEEEE....E..EE.EEE.....EE.E..E.........EEE.E.EE.....E..E...EE......EE..EE.EEE.....E...E...EE..E.E..E.....E.E..EEE....E...EE.EE.E.EE.EE.E.EEE....E....E..E..E.EEE.....EEE.EE..E.EEE......EE......E..E.........EE...E.E..E.E.E.E.EE..E........E...EE..E.E...EEEEE........EEE......EE...E..E.E..E.EE...E...E...E.E.E.EE....E.E.E.E.......EEEEE...E.E.........EE...E....E.EEEE.E.EE...E.....EE.......E..E.....EE.EE.E.EE.E...EE..EEE.EEEE....E..E...E.EE.E.EEEE.E.....E......E..EE......EE.EEE.EEE.E......E..E....E.EEE...E..EE...E..EE..E.E...E.E...E.EE...........E...E....EEE...E....E..E.E..E.E..E.EE.E.....EE.EE.EEEE..EE.EEE..EEEE..E.EE....E.E..E.EE..E.EE....E.E..../test/kicad/STM32.sch
F....E..E.E..EE.E.EE...E.....EE..EEEE...E..EE..E.E....EEE.EEE...E.EEEEE..E....EEEE.E.EEE..E....EEEE..E.E.E.......EE...EEEE...E..E....E.......EEE.E.EE...EE.EE.EE.EE.E.E..EEEEE..EE.EEE....E..EE..EE..E...E..EE.E....E...E..EEEE...E..EEE.EE...E...E.EE.E...../test/kicad/chargen_b.sch
F.../test/kicad/conn.sch
F..E.EEE...EE......EE...E.EEE....E.....EE..........E.EE.EEE..E..EEEE..E..E.E....E.EE..E..EE..EE.....EEEEEEE...EEE...EE.E.E..E.E.E.E...E..E.E.....EE...EEE.E..E.E.E...E.EE...EE..EE.....E.E.....E...EEE.........EE....E..EEEE...E.E.EEE...E.EE.EEE...E.E../test/kicad/jtag_schematic.sch
F.../test/kicad/mapleNative.sch
F.../test/kicad/metronome.sch
F.../test/kicad/oak.sch
F.../test/kicad/oct.sch
F..E.../test/kicad/pwr.sch
F.../test/kicad/rc_serializer.sch
F.../test/kicad/rockbox_player-24012008.sch
F.E.E.../test/kicad/sram.sch
F..E..E..E.../test/kicad/test.sch
F.F./test/kicad/twister2.sch
F..E.

======================================================================
ERROR: test_kicad_0000000000000019.upv_write (__main__.RegressionTest_kicad)
----------------------------------------------------------------------
Traceback (most recent call last):
  File "test/test.py", line 132, in test
    Upconverter.write(data, tmp_path, format)
  File "/Users/zak/Documents/projects/file_converter/upconvert/upconverter.py", line 143, in write
    return w.write(dsgn, out_file)
  File "/Users/zak/Documents/projects/file_converter/upconvert/writer/kicad.py", line 53, in write
    self.write_library(design, library_filename)
  File "/Users/zak/Documents/projects/file_converter/upconvert/writer/kicad.py", line 172, in write_library
    self.write_library_component(f, cpt)
  File "/Users/zak/Documents/projects/file_converter/upconvert/writer/kicad.py", line 187, in write_library_component
    f.write('# ' + cpt.name + '\n')
UnicodeEncodeError: 'ascii' codec can't encode character u'\u03a9' in position 9: ordinal not in range(128)

======================================================================
ERROR: test_kicad_starkadroid_a.sch_diff (__main__.RegressionTest_kicad)
----------------------------------------------------------------------
Traceback (most recent call last):
  File "test/test.py", line 116, in test
    Upconverter.write(data, tmp_path, format)
  File "/Users/zak/Documents/projects/file_converter/upconvert/upconverter.py", line 143, in write
    return w.write(dsgn, out_file)
  File "/Users/zak/Documents/projects/file_converter/upconvert/writer/kicad.py", line 63, in write
    self.write_instance(f, inst)
  File "/Users/zak/Documents/projects/file_converter/upconvert/writer/kicad.py", line 135, in write_instance
    -make_length(inst.symbol_attributes[0].y + ann.y)))
UnicodeEncodeError: 'ascii' codec can't encode character u'\ufffd' in position 7: ordinal not in range(128)

======================================================================
ERROR: test_kicad_0000000000006411.upv_write (__main__.RegressionTest_kicad)
----------------------------------------------------------------------
Traceback (most recent call last):
  File "test/test.py", line 133, in test
    Upconverter.write(data, tmp_path, format)
  File "/Users/zak/Documents/projects/file_converter/upconvert/upconverter.py", line 143, in write
    return w.write(dsgn, out_file)
  File "/Users/zak/Documents/projects/file_converter/upconvert/writer/kicad.py", line 53, in write
    self.write_library(design, library_filename)
  File "/Users/zak/Documents/projects/file_converter/upconvert/writer/kicad.py", line 172, in write_library
    self.write_library_component(f, cpt)
  File "/Users/zak/Documents/projects/file_converter/upconvert/writer/kicad.py", line 193, in write_library_component
    self.write_symbols(f, cpt.symbols)
  File "/Users/zak/Documents/projects/file_converter/upconvert/writer/kicad.py", line 227, in write_symbols
    f.write(line % dict(unit=unit, convert=convert))
TypeError: unsupported operand type(s) for %: 'NoneType' and 'dict'

======================================================================
ERROR: test_kicad_0000000000006420.upv_write (__main__.RegressionTest_kicad)
----------------------------------------------------------------------
Traceback (most recent call last):
  File "test/test.py", line 133, in test
    Upconverter.write(data, tmp_path, format)
  File "/Users/zak/Documents/projects/file_converter/upconvert/upconverter.py", line 143, in write
    return w.write(dsgn, out_file)
  File "/Users/zak/Documents/projects/file_converter/upconvert/writer/kicad.py", line 65, in write
    self.write_net(f, net)
  File "/Users/zak/Documents/projects/file_converter/upconvert/writer/kicad.py", line 149, in write_net
    point2 = net.points[point2_id]
KeyError: u'bb9814e4af58997a'
